C51 COMPILER V9.54   IIC                                                                   09/02/2023 20:34:09 PAGE 1   


C51 COMPILER V9.54, COMPILATION OF MODULE IIC
OBJECT MODULE PLACED IN .\Objects\IIC.obj
COMPILER INVOKED BY: D:\Program Files\Keil_v5_C51\C51\BIN\C51.EXE Users\IIC.c OPTIMIZE(8,SPEED) BROWSE INCDIR(.\Users) D
                    -EBUG OBJECTEXTEND PRINT(.\Listings\IIC.lst) TABS(2) OBJECT(.\Objects\IIC.obj)

line level    source

   1          #include "IIC.h"
   2          /************************************************
   3          函数名称  :   IIC_delay
   4          功    能  :   IIC延时（按需填写）
   5          参    数  :   无
   6          返 回 值   :   无
   7          *************************************************/
   8          static void IIC_delay(void)
   9          {
  10   1        /*
  11   1        u8 t=1;
  12   1        while(t--);
  13   1        */
  14   1      }
  15          
  16          /************************************************
  17          函数名称  :   IIC_Start
  18          功    能  :   发送IIC开始信号
  19          参    数  :   无
  20          返 回 值   :   无
  21          *************************************************/
  22          void IIC_Start(void)
  23          {
  24   1        IIC_SDA_Set();
  25   1        IIC_SCL_Set();
  26   1        IIC_delay();
  27   1        IIC_SDA_Clr();
  28   1        IIC_delay();
  29   1        IIC_SCL_Clr();
  30   1      }
  31          
  32          /************************************************
  33          函数名称  :   IIC_Stop
  34          功    能  :   发送IIC结束信号
  35          参    数  :   无
  36          返 回 值   :   无
  37          *************************************************/
  38          void IIC_Stop(void)
  39          {
  40   1        IIC_SDA_Clr();
  41   1        IIC_SCL_Set();
  42   1        IIC_delay();
  43   1        IIC_SDA_Set();
  44   1      }
  45          
  46          /************************************************
  47          函数名称  :   IIC_Send_Byte
  48          功    能  :   模拟IIC传输字节时序
  49          参    数  :   dat:数据
  50          返 回 值   :   无
  51          *************************************************/
  52          void IIC_Send_Byte(u8 dat)
  53          {
  54   1        u8 i;
C51 COMPILER V9.54   IIC                                                                   09/02/2023 20:34:09 PAGE 2   

  55   1        for(i=0;i<8;i++)
  56   1        {
  57   2          IIC_SCL_Clr();//将时钟信号设置为低电平
  58   2          if(dat&0x80)//将dat的8位从最高位依次写入
  59   2          {
  60   3            IIC_SDA_Set();
  61   3            }
  62   2          else
  63   2          {
  64   3            IIC_SDA_Clr();
  65   3            }
  66   2          IIC_delay();
  67   2          IIC_SCL_Set();
  68   2          IIC_delay();
  69   2          IIC_SCL_Clr();
  70   2          dat<<=1;
  71   2        }
  72   1      }
  73          
  74          /************************************************
  75          函数名称  :   IIC_WaitAck
  76          功    能  :   等待应答信号
  77          参    数  :   无
  78          返 回 值   :   无
  79          *************************************************/
  80          void IIC_WaitAck(void)
  81          {
  82   1        IIC_SDA_Set();
  83   1        IIC_delay();
  84   1        IIC_SCL_Set();
  85   1        IIC_delay();
  86   1        IIC_SCL_Clr();
  87   1        IIC_delay();
  88   1      }


MODULE INFORMATION:   STATIC OVERLAYABLE
   CODE SIZE        =     74    ----
   CONSTANT SIZE    =   ----    ----
   XDATA SIZE       =   ----    ----
   PDATA SIZE       =   ----    ----
   DATA SIZE        =   ----    ----
   IDATA SIZE       =   ----    ----
   BIT SIZE         =   ----    ----
END OF MODULE INFORMATION.


C51 COMPILATION COMPLETE.  0 WARNING(S),  0 ERROR(S)
