C51 COMPILER V9.54   MAIN                                                                  09/02/2023 20:34:09 PAGE 1   


C51 COMPILER V9.54, COMPILATION OF MODULE MAIN
OBJECT MODULE PLACED IN .\Objects\main.obj
COMPILER INVOKED BY: D:\Program Files\Keil_v5_C51\C51\BIN\C51.EXE Users\main.c OPTIMIZE(8,SPEED) BROWSE INCDIR(.\Users) 
                    -DEBUG OBJECTEXTEND PRINT(.\Listings\main.lst) TABS(2) OBJECT(.\Objects\main.obj)

line level    source

   1          /********************************************************************************
   2            * 文 件 名: main.c
   3            * 版 本 号: 初版
   4            * 修改作者: Smoaflie
   5            * 修改日期: 2023年08月27日
   6            * 功能介绍:          
   7            ******************************************************************************
   8            * 注意事项:
   9          *********************************************************************************/
  10          
  11          #include <REG52.h>
  12          #include "oled.h"
  13          #include "bmp.h"
  14          
  15          static void delay_ms(unsigned int ms)
  16          {                         
  17   1        unsigned int a;
  18   1        while(ms)
  19   1        {
  20   2          a=1800;
  21   2          while(a--);
  22   2          ms--;
  23   2        }
  24   1        return;
  25   1      }
  26          
  27          int main(void)
  28          {
  29   1        u8 t=' ';
  30   1        OLED_Init();//初始化OLED
  31   1        OLED_ColorTurn(1);//0正常显示，1 反色显示
  32   1        OLED_DisplayTurn(1);//0正常显示 1 屏幕翻转显示
  33   1        while(1) 
  34   1        {   
  35   2          OLED_Clear();
  36   2          OLED_ShowChinese(0,0,0,16);//可
  37   2          OLED_ShowChinese(18,0,1,16);//自
  38   2          OLED_ShowChinese(36,0,2,16);//定
  39   2          OLED_ShowChinese(54,0,3,16);//义
  40   2          OLED_ShowChinese(72,0,4,16);//的
  41   2          OLED_ShowChinese(90,0,5,16);//内
  42   2          OLED_ShowChinese(108,0,6,16);//容
  43   2          OLED_ShowString(8,2,"Smoaflie",16);
  44   2          OLED_ShowString(20,4,"2023/08/027",16);
  45   2          OLED_ShowString(0,6,"ASCII:",16);  
  46   2          OLED_ShowString(63,6,"CODE:",16);
  47   2          OLED_ShowChar(48,6,t,16);
  48   2          t++;
  49   2          if(t>'~')t=' ';
  50   2          OLED_ShowNum(103,6,t,3,16);
  51   2          delay_ms(500);
  52   2          OLED_Clear();
  53   2        }   
  54   1        
C51 COMPILER V9.54   MAIN                                                                  09/02/2023 20:34:09 PAGE 2   

  55   1      }


MODULE INFORMATION:   STATIC OVERLAYABLE
   CODE SIZE        =    246    ----
   CONSTANT SIZE    =   1058    ----
   XDATA SIZE       =   ----    ----
   PDATA SIZE       =   ----    ----
   DATA SIZE        =   ----       1
   IDATA SIZE       =   ----    ----
   BIT SIZE         =   ----    ----
END OF MODULE INFORMATION.


C51 COMPILATION COMPLETE.  0 WARNING(S),  0 ERROR(S)
